<?xml version="1.0" encoding="UTF-8"?>
<!-- Generated by org.testng.reporters.JUnitReportReporter -->
<testsuite hostname="LAPTOP-LEC46EMO" failures="0" tests="4" name="runner.SauceDemoRunnerTest" time="18.637" errors="0" timestamp="2025-04-02T10:51:07 IST" skipped="0">
  <testcase classname="runner.SauceDemoRunnerTest" name="runScenario" time="5.688"/>
  <testcase classname="runner.SauceDemoRunnerTest" name="runScenario" time="4.327"/>
  <testcase classname="runner.SauceDemoRunnerTest" name="runScenario" time="4.631"/>
  <testcase classname="runner.SauceDemoRunnerTest" name="runScenario" time="3.991"/>
</testsuite> <!-- runner.SauceDemoRunnerTest -->
