<?xml version="1.0" encoding="UTF-8"?>
<!-- Generated by org.testng.reporters.JUnitReportReporter -->
<testsuite hostname="LAPTOP-LEC46EMO" failures="0" tests="4" name="runner.SauceDemoRunnerTest" time="16.976" errors="0" timestamp="2025-04-02T11:18:11 IST" skipped="0">
  <testcase classname="runner.SauceDemoRunnerTest" name="runScenario" time="5.677"/>
  <testcase classname="runner.SauceDemoRunnerTest" name="runScenario" time="3.602"/>
  <testcase classname="runner.SauceDemoRunnerTest" name="runScenario" time="3.648"/>
  <testcase classname="runner.SauceDemoRunnerTest" name="runScenario" time="4.049"/>
</testsuite> <!-- runner.SauceDemoRunnerTest -->
