<?xml version="1.0" encoding="UTF-8"?>
<!-- Generated by org.testng.reporters.JUnitReportReporter -->
<testsuite hostname="LAPTOP-LEC46EMO" failures="0" tests="4" name="runner.SauceDemoRunnerTest" time="42.749" errors="0" timestamp="2025-04-02T19:47:15 IST" skipped="0">
  <testcase classname="runner.SauceDemoRunnerTest" name="runScenario" time="12.721"/>
  <testcase classname="runner.SauceDemoRunnerTest" name="runScenario" time="13.099"/>
  <testcase classname="runner.SauceDemoRunnerTest" name="runScenario" time="3.920"/>
  <testcase classname="runner.SauceDemoRunnerTest" name="runScenario" time="13.009"/>
</testsuite> <!-- runner.SauceDemoRunnerTest -->
