<?xml version="1.0" encoding="UTF-8"?>
<!-- Generated by org.testng.reporters.JUnitReportReporter -->
<testsuite hostname="LAPTOP-LEC46EMO" failures="0" tests="1" name="runner.RunnerTest" time="12.051" errors="0" timestamp="2025-04-01T16:57:15 IST" skipped="0">
  <testcase classname="runner.RunnerTest" name="runScenario" time="12.051"/>
</testsuite> <!-- runner.RunnerTest -->
