<?xml version="1.0" encoding="UTF-8"?>
<!-- Generated by org.testng.reporters.JUnitReportReporter -->
<testsuite hostname="LAPTOP-LEC46EMO" failures="0" tests="4" name="runner.SauceDemoRunnerTest" time="10.991" errors="0" timestamp="2025-04-01T23:16:28 IST" skipped="0">
  <testcase classname="runner.SauceDemoRunnerTest" name="runScenario" time="2.065"/>
  <testcase classname="runner.SauceDemoRunnerTest" name="runScenario" time="2.029"/>
  <testcase classname="runner.SauceDemoRunnerTest" name="runScenario" time="3.239"/>
  <testcase classname="runner.SauceDemoRunnerTest" name="runScenario" time="3.658"/>
</testsuite> <!-- runner.SauceDemoRunnerTest -->
