<?xml version="1.0" encoding="UTF-8"?>
<!-- Generated by org.testng.reporters.JUnitReportReporter -->
<testsuite hostname="LAPTOP-LEC46EMO" failures="0" tests="4" name="runner.SauceDemoRunnerTest" time="12.590" errors="0" timestamp="2025-04-01T21:41:57 IST" skipped="0">
  <testcase classname="runner.SauceDemoRunnerTest" name="runScenario" time="2.865"/>
  <testcase classname="runner.SauceDemoRunnerTest" name="runScenario" time="2.716"/>
  <testcase classname="runner.SauceDemoRunnerTest" name="runScenario" time="4.104"/>
  <testcase classname="runner.SauceDemoRunnerTest" name="runScenario" time="2.905"/>
</testsuite> <!-- runner.SauceDemoRunnerTest -->
