<?xml version="1.0" encoding="UTF-8"?>
<!-- Generated by org.testng.reporters.JUnitReportReporter -->
<testsuite hostname="LAPTOP-LEC46EMO" failures="0" tests="4" name="runner.SauceDemoRunnerTest" time="18.794" errors="0" timestamp="2025-04-02T10:30:54 IST" skipped="0">
  <testcase classname="runner.SauceDemoRunnerTest" name="runScenario" time="4.213"/>
  <testcase classname="runner.SauceDemoRunnerTest" name="runScenario" time="5.781"/>
  <testcase classname="runner.SauceDemoRunnerTest" name="runScenario" time="4.026"/>
  <testcase classname="runner.SauceDemoRunnerTest" name="runScenario" time="4.774"/>
</testsuite> <!-- runner.SauceDemoRunnerTest -->
